[2020/06/07-15:26:33.500] [FT-TrainWorkThread-w6bWi17U-2329] [INFO] [dku.analysis.prediction]  - ******************************************
[2020/06/07-15:26:33.502] [FT-TrainWorkThread-w6bWi17U-2329] [INFO] [dku.analysis.prediction]  - ** Start train session s5
[2020/06/07-15:26:33.503] [FT-TrainWorkThread-w6bWi17U-2329] [INFO] [dku.analysis.prediction]  - ******************************************
[2020/06/07-15:26:33.507] [FT-TrainWorkThread-w6bWi17U-2329] [INFO] [dku.analysis.splits] T-yhJ40vo3 - [ct: 7] Search for split: p=type=SPLIT_SINGLE_DATASET,split=RANDOM,splitBeforePrepare=true,ds=train_prepared,sel=(method=full),r=0.8,s=1337 i=3c55994e9c492290c7526f2cef4ab472-1
[2020/06/07-15:26:33.510] [FT-TrainWorkThread-w6bWi17U-2329] [INFO] [dku.analysis.splits] T-yhJ40vo3 - [ct: 10] Checking if splits are up to date. Policy: type=SPLIT_SINGLE_DATASET,split=RANDOM,splitBeforePrepare=true,ds=train_prepared,sel=(method=full),r=0.8,s=1337, instance id: 3c55994e9c492290c7526f2cef4ab472-1
[2020/06/07-15:26:33.515] [FT-TrainWorkThread-w6bWi17U-2329] [INFO] [dku.analysis.splits] T-yhJ40vo3 - [ct: 15] Search for split: p=type=SPLIT_SINGLE_DATASET,split=RANDOM,splitBeforePrepare=true,ds=train_prepared,sel=(method=full),r=0.8,s=1337 i=3c55994e9c492290c7526f2cef4ab472-1
[2020/06/07-15:26:33.522] [FT-TrainWorkThread-w6bWi17U-2329] [INFO] [dku.analysis.splits] T-yhJ40vo3 - [ct: 22] Search for split: p=type=SPLIT_SINGLE_DATASET,split=RANDOM,splitBeforePrepare=true,ds=train_prepared,sel=(method=full),r=0.8,s=1337 i=3c55994e9c492290c7526f2cef4ab472-1
[2020/06/07-15:26:33.526] [FT-TrainWorkThread-w6bWi17U-2329] [INFO] [dku.analysis.ml.python] T-yhJ40vo3 - Joining processing thread ...
[2020/06/07-15:26:33.529] [MRT-2330] [INFO] [dku.analysis.ml.python]  - Running a preprocessing set: pp1 in /Users/gerryleonugroho/Library/DataScienceStudio/dss_home/analysis-data/TITANICDATAIKU/Rp05AA2N/yhJ40vo3/sessions/s5/pp1
[2020/06/07-15:26:33.533] [MRT-2330] [INFO] [dku.block.link]  - Started a socket on port 55917
[2020/06/07-15:26:33.537] [MRT-2330] [INFO] [dku.ml.kernel]  - Writing output of python-single-command-kernel to /Users/gerryleonugroho/Library/DataScienceStudio/dss_home/analysis-data/TITANICDATAIKU/Rp05AA2N/yhJ40vo3/sessions/s5/pp1/train.log
[2020/06/07-15:26:33.553] [MRT-2330] [INFO] [dku.code.envs.resolution]  - Executing Python activity in builtin env
[2020/06/07-15:26:33.555] [MRT-2330] [WARN] [dku.code.projectLibs]  - External libraries file not found: /Users/gerryleonugroho/Library/DataScienceStudio/dss_home/config/projects/TITANICDATAIKU/lib/external-libraries.json
[2020/06/07-15:26:33.556] [MRT-2330] [INFO] [dku.code.projectLibs]  - EXTERNAL LIBS FROM TITANICDATAIKU is {"gitReferences":{},"pythonPath":["python"],"rsrcPath":["R"],"importLibrariesFromProjects":[]}
[2020/06/07-15:26:33.559] [MRT-2330] [INFO] [dku.code.projectLibs]  - chunkFolder is /Users/gerryleonugroho/Library/DataScienceStudio/dss_home/config/projects/TITANICDATAIKU/lib/R
[2020/06/07-15:26:33.559] [MRT-2330] [INFO] [dku.python.single_command.kernel]  - Starting Python process for kernel  python-single-command-kernel
[2020/06/07-15:26:33.562] [MRT-2330] [INFO] [dip.tickets]  - Creating API ticket for analysis-ml-TITANICDATAIKU-2jllE4F on behalf of admin id=analysis-ml-TITANICDATAIKU-2jllE4F_sdnJOnZylMNK
[2020/06/07-15:26:33.565] [MRT-2330] [INFO] [dku.security.process]  - Starting process (regular)
[2020/06/07-15:26:33.576] [MRT-2330] [INFO] [dku.security.process]  - Process started with pid=5034
[2020/06/07-15:26:33.577] [MRT-2330] [INFO] [dku.processes.cgroups]  - Will use cgroups []
[2020/06/07-15:26:33.578] [MRT-2330] [INFO] [dku.processes.cgroups]  - Applying rules to used cgroups: []
Installing debugging signal handler
[2020-06-07 15:26:39,094] [5034/MainThread] [INFO] [root] Connecting to parent at port 55917
[2020-06-07 15:26:39,097] [5034/MainThread] [INFO] [root] Connected to parent at port 55917
[2020/06/07-15:26:39.098] [MRT-2330] [INFO] [dku.link.secret_protected]  - Connected to kernel
[2020/06/07-15:26:39.102] [MRT-2330] [INFO] [dku.block.link.interaction]  - Execute link command respClazz=true respTypeToken=false respIsString=false is=false asyncInputStream=false os=false
[2020-06-07 15:26:42,810] [5034/MainThread] [INFO] [root] Running analysis command: train_prediction_models_nosave
[2020-06-07 15:26:42,813] [5034/MainThread] [INFO] [dataiku.doctor.commands] PPS is {u'preprocessingFitSampleSeed': 1337, u'feature_selection_params': {u'custom_params': {u'code': u'# type your code here'}, u'pca_params': {u'variance_proportion': 0.9, u'n_features': 25}, u'random_forest_params': {u'depth': 10, u'n_features': 25, u'n_trees': 30}, u'lasso_params': {u'alpha': [0.01, 0.1, 1.0, 10.0, 100.0], u'cross_validate': True}, u'method': u'CORRELATION', u'correlation_params': {u'n_features': 25, u'min_abs_correlation': 0.0}}, u'preprocessingFitSampleRatio': 1.0, u'reduce': {u'enabled': False, u'kept_variance': 0.0}, u'skipPreprocessing': False, u'target_remapping': [{u'mappedValue': 0, u'sourceValue': u'0', u'sampleFreq': 379}, {u'mappedValue': 1, u'sourceValue': u'1', u'sampleFreq': 247}], u'per_feature': {u'Fare': {u'min_samples': 10, u'customProcessorWantsMatrix': False, u'customHandlingCode': u'', u'category_handling': u'DUMMIFY', u'cumulative_proportion': 0.95, u'sendToInput': u'main', u'state': {u'userModified': True, u'recordedMeaning': u'DoubleMeaning', u'autoModifiedByDSS': False}, u'missing_handling': u'IMPUTE', u'max_nb_categories': 100, u'dummy_clip': u'CUMULATIVE_PROPORTION', u'role': u'REJECT', u'max_cat_safety': 200, u'missing_impute_with': u'MODE', u'type': u'CATEGORY', u'dummy_drop': u'DROP', u'impute_constant_value': u'0'}, u'Embarked': {u'min_samples': 10, u'customProcessorWantsMatrix': False, u'customHandlingCode': u'', u'category_handling': u'DUMMIFY', u'cumulative_proportion': 0.95, u'sendToInput': u'main', u'state': {u'userModified': True, u'recordedMeaning': u'LongMeaning', u'autoModifiedByDSS': False}, u'missing_handling': u'IMPUTE', u'max_nb_categories': 100, u'dummy_clip': u'CUMULATIVE_PROPORTION', u'role': u'REJECT', u'max_cat_safety': 200, u'missing_impute_with': u'MODE', u'type': u'CATEGORY', u'dummy_drop': u'DROP', u'impute_constant_value': u'0'}, u'Age': {u'min_samples': 10, u'customProcessorWantsMatrix': False, u'customHandlingCode': u'', u'category_handling': u'DUMMIFY', u'cumulative_proportion': 0.95, u'sendToInput': u'main', u'state': {u'userModified': True, u'recordedMeaning': u'DoubleMeaning', u'autoModifiedByDSS': False}, u'missing_handling': u'IMPUTE', u'max_nb_categories': 100, u'dummy_clip': u'CUMULATIVE_PROPORTION', u'role': u'INPUT', u'max_cat_safety': 200, u'missing_impute_with': u'MODE', u'type': u'CATEGORY', u'dummy_drop': u'DROP', u'impute_constant_value': u'0'}, u'Title': {u'min_samples': 10, u'customProcessorWantsMatrix': False, u'customHandlingCode': u'', u'category_handling': u'DUMMIFY', u'cumulative_proportion': 0.95, u'sendToInput': u'main', u'state': {u'userModified': True, u'recordedMeaning': u'LongMeaning', u'autoModifiedByDSS': False}, u'missing_handling': u'IMPUTE', u'max_nb_categories': 100, u'dummy_clip': u'CUMULATIVE_PROPORTION', u'role': u'REJECT', u'max_cat_safety': 200, u'missing_impute_with': u'MODE', u'type': u'CATEGORY', u'dummy_drop': u'DROP', u'impute_constant_value': u'0'}, u'Pclass': {u'min_samples': 10, u'customProcessorWantsMatrix': False, u'customHandlingCode': u'', u'category_handling': u'DUMMIFY', u'cumulative_proportion': 0.95, u'sendToInput': u'main', u'state': {u'userModified': True, u'recordedMeaning': u'LongMeaning', u'autoModifiedByDSS': False}, u'missing_handling': u'IMPUTE', u'max_nb_categories': 100, u'dummy_clip': u'CUMULATIVE_PROPORTION', u'role': u'REJECT', u'max_cat_safety': 200, u'missing_impute_with': u'MODE', u'type': u'CATEGORY', u'dummy_drop': u'DROP', u'impute_constant_value': u'0'}, u'Sex': {u'min_samples': 10, u'customProcessorWantsMatrix': False, u'customHandlingCode': u'', u'category_handling': u'DUMMIFY', u'cumulative_proportion': 0.95, u'sendToInput': u'main', u'state': {u'userModified': True, u'recordedMeaning': u'LongMeaning', u'autoModifiedByDSS': False}, u'missing_handling': u'IMPUTE', u'max_nb_categories': 100, u'dummy_clip': u'CUMULATIVE_PROPORTION', u'role': u'INPUT', u'max_cat_safety': 200, u'missing_impute_with': u'MODE', u'type': u'CATEGORY', u'dummy_drop': u'DROP', u'impute_constant_value': u'0'}, u'FamilySize': {u'min_samples': 10, u'customProcessorWantsMatrix': False, u'customHandlingCode': u'', u'category_handling': u'DUMMIFY', u'cumulative_proportion': 0.95, u'sendToInput': u'main', u'state': {u'userModified': True, u'recordedMeaning': u'DoubleMeaning', u'autoModifiedByDSS': False}, u'missing_handling': u'IMPUTE', u'max_nb_categories': 100, u'dummy_clip': u'CUMULATIVE_PROPORTION', u'role': u'INPUT', u'max_cat_safety': 200, u'missing_impute_with': u'MODE', u'type': u'CATEGORY', u'dummy_drop': u'DROP', u'impute_constant_value': u'0'}, u'Survived': {u'generate_derivative': False, u'customHandlingCode': u'', u'customProcessorWantsMatrix': False, u'sendToInput': u'main', u'binarize_threshold_mode': u'MEDIAN', u'state': {u'userModified': False, u'recordedMeaning': u'LongMeaning', u'autoModifiedByDSS': False}, u'role': u'TARGET', u'binarize_constant_threshold': 0.0, u'quantile_bin_nb_bins': 4, u'type': u'NUMERIC', u'impute_constant_value': 0.0}, u'Cabin': {u'min_samples': 10, u'customProcessorWantsMatrix': False, u'customHandlingCode': u'', u'category_handling': u'DUMMIFY', u'cumulative_proportion': 0.95, u'sendToInput': u'main', u'state': {u'userModified': True, u'recordedMeaning': u'DoubleMeaning', u'autoModifiedByDSS': False}, u'missing_handling': u'IMPUTE', u'max_nb_categories': 100, u'dummy_clip': u'CUMULATIVE_PROPORTION', u'role': u'REJECT', u'max_cat_safety': 200, u'missing_impute_with': u'MODE', u'type': u'CATEGORY', u'dummy_drop': u'DROP', u'impute_constant_value': u'0'}}, u'feature_generation': {u'manual_interactions': {u'interactions': []}, u'pairwise_linear': {u'behavior': u'ENABLED_MANUAL'}, u'categoricals_count_transformer': {u'input_features': [], u'all_features': False, u'behavior': u'DISABLED'}, u'polynomial_combinations': {u'behavior': u'ENABLED_MANUAL'}, u'numericals_clustering': {u'k': 0, u'input_features': [], u'all_features': False, u'behavior': u'DISABLED'}}}
[2020-06-07 15:26:42,813] [5034/MainThread] [INFO] [dataiku.doctor.utils.listener] START -  Loading train set
[2020-06-07 15:26:42,814] [5034/MainThread] [INFO] [root] Reading with dtypes: None
[2020-06-07 15:26:42,815] [5034/MainThread] [INFO] [dataiku.doctor.utils] Computed dtype for Survived: <type 'numpy.object_'> (schema_type=bigint feature_type=NUMERIC feature_role=TARGET)
[2020-06-07 15:26:42,815] [5034/MainThread] [INFO] [dataiku.doctor.utils] Computed dtype for Pclass: None (schema_type=bigint feature_type=CATEGORY feature_role=REJECT)
[2020-06-07 15:26:42,815] [5034/MainThread] [INFO] [dataiku.doctor.utils] Computed dtype for Title: None (schema_type=bigint feature_type=CATEGORY feature_role=REJECT)
[2020-06-07 15:26:42,815] [5034/MainThread] [INFO] [dataiku.doctor.utils] Computed dtype for Sex: str (schema_type=bigint feature_type=CATEGORY feature_role=INPUT)
[2020-06-07 15:26:42,815] [5034/MainThread] [INFO] [dataiku.doctor.utils] Computed dtype for Age: str (schema_type=double feature_type=CATEGORY feature_role=INPUT)
[2020-06-07 15:26:42,815] [5034/MainThread] [INFO] [dataiku.doctor.utils] Computed dtype for FamilySize: str (schema_type=double feature_type=CATEGORY feature_role=INPUT)
[2020-06-07 15:26:42,815] [5034/MainThread] [INFO] [dataiku.doctor.utils] Computed dtype for Fare: None (schema_type=double feature_type=CATEGORY feature_role=REJECT)
[2020-06-07 15:26:42,815] [5034/MainThread] [INFO] [dataiku.doctor.utils] Computed dtype for Cabin: None (schema_type=double feature_type=CATEGORY feature_role=REJECT)
[2020-06-07 15:26:42,815] [5034/MainThread] [INFO] [dataiku.doctor.utils] Computed dtype for Embarked: None (schema_type=bigint feature_type=CATEGORY feature_role=REJECT)
[2020-06-07 15:26:42,816] [5034/MainThread] [INFO] [root] Reading with FIXED dtypes: {u'FamilySize': 'str', u'Age': 'str', u'Survived': <type 'numpy.object_'>, u'Sex': 'str'}
[2020-06-07 15:26:42,866] [5034/MainThread] [INFO] [root] Loaded table
[2020-06-07 15:26:42,871] [5034/MainThread] [INFO] [dataiku.doctor.utils]  Coercion done
[2020-06-07 15:26:42,871] [5034/MainThread] [INFO] [dataiku.doctor.commands] Loaded train df: shape=(496,9)
[2020-06-07 15:26:42,872] [5034/MainThread] [INFO] [dataiku.doctor.commands] Train col : Survived (object)
[2020-06-07 15:26:42,872] [5034/MainThread] [INFO] [dataiku.doctor.commands] Train col : Pclass (int64)
[2020-06-07 15:26:42,872] [5034/MainThread] [INFO] [dataiku.doctor.commands] Train col : Title (int64)
[2020-06-07 15:26:42,872] [5034/MainThread] [INFO] [dataiku.doctor.commands] Train col : Sex (object)
[2020-06-07 15:26:42,872] [5034/MainThread] [INFO] [dataiku.doctor.commands] Train col : Age (object)
[2020-06-07 15:26:42,872] [5034/MainThread] [INFO] [dataiku.doctor.commands] Train col : FamilySize (object)
[2020-06-07 15:26:42,872] [5034/MainThread] [INFO] [dataiku.doctor.commands] Train col : Fare (float64)
[2020-06-07 15:26:42,872] [5034/MainThread] [INFO] [dataiku.doctor.commands] Train col : Cabin (float64)
[2020-06-07 15:26:42,872] [5034/MainThread] [INFO] [dataiku.doctor.commands] Train col : Embarked (int64)
[2020-06-07 15:26:42,872] [5034/MainThread] [INFO] [dataiku.doctor.utils.listener] END -  Loading train set
[2020-06-07 15:26:42,872] [5034/MainThread] [INFO] [dataiku.doctor.utils.listener] START -  Loading test set
[2020-06-07 15:26:42,873] [5034/MainThread] [INFO] [root] Reading with dtypes: None
[2020-06-07 15:26:42,873] [5034/MainThread] [INFO] [dataiku.doctor.utils] Computed dtype for Survived: <type 'numpy.object_'> (schema_type=bigint feature_type=NUMERIC feature_role=TARGET)
[2020-06-07 15:26:42,873] [5034/MainThread] [INFO] [dataiku.doctor.utils] Computed dtype for Pclass: None (schema_type=bigint feature_type=CATEGORY feature_role=REJECT)
[2020-06-07 15:26:42,873] [5034/MainThread] [INFO] [dataiku.doctor.utils] Computed dtype for Title: None (schema_type=bigint feature_type=CATEGORY feature_role=REJECT)
[2020-06-07 15:26:42,874] [5034/MainThread] [INFO] [dataiku.doctor.utils] Computed dtype for Sex: str (schema_type=bigint feature_type=CATEGORY feature_role=INPUT)
[2020-06-07 15:26:42,874] [5034/MainThread] [INFO] [dataiku.doctor.utils] Computed dtype for Age: str (schema_type=double feature_type=CATEGORY feature_role=INPUT)
[2020-06-07 15:26:42,874] [5034/MainThread] [INFO] [dataiku.doctor.utils] Computed dtype for FamilySize: str (schema_type=double feature_type=CATEGORY feature_role=INPUT)
[2020-06-07 15:26:42,874] [5034/MainThread] [INFO] [dataiku.doctor.utils] Computed dtype for Fare: None (schema_type=double feature_type=CATEGORY feature_role=REJECT)
[2020-06-07 15:26:42,874] [5034/MainThread] [INFO] [dataiku.doctor.utils] Computed dtype for Cabin: None (schema_type=double feature_type=CATEGORY feature_role=REJECT)
[2020-06-07 15:26:42,874] [5034/MainThread] [INFO] [dataiku.doctor.utils] Computed dtype for Embarked: None (schema_type=bigint feature_type=CATEGORY feature_role=REJECT)
[2020-06-07 15:26:42,874] [5034/MainThread] [INFO] [root] Reading with FIXED dtypes: {u'FamilySize': 'str', u'Age': 'str', u'Survived': <type 'numpy.object_'>, u'Sex': 'str'}
[2020-06-07 15:26:42,883] [5034/MainThread] [INFO] [root] Loaded table
[2020-06-07 15:26:42,884] [5034/MainThread] [INFO] [dataiku.doctor.utils]  Coercion done
[2020-06-07 15:26:42,884] [5034/MainThread] [INFO] [dataiku.doctor.commands] Loaded test df: shape=(130,9)
[2020-06-07 15:26:42,884] [5034/MainThread] [INFO] [dataiku.doctor.utils.listener] END -  Loading test set
[2020-06-07 15:26:42,884] [5034/MainThread] [INFO] [dataiku.doctor.utils.listener] START -  Collecting statistics
[2020-06-07 15:26:42,886] [5034/MainThread] [INFO] [dataiku.doctor.preprocessing_collector] Looking at Fare... (type=CATEGORY)
[2020-06-07 15:26:42,886] [5034/MainThread] [INFO] [dataiku.doctor.preprocessing_collector] Looking at Embarked... (type=CATEGORY)
[2020-06-07 15:26:42,886] [5034/MainThread] [INFO] [dataiku.doctor.preprocessing_collector] Looking at Age... (type=CATEGORY)
[2020-06-07 15:26:42,914] [5034/MainThread] [INFO] [dataiku.doctor.preprocessing_collector] Looking at Title... (type=CATEGORY)
[2020-06-07 15:26:42,914] [5034/MainThread] [INFO] [dataiku.doctor.preprocessing_collector] Looking at Pclass... (type=CATEGORY)
[2020-06-07 15:26:42,914] [5034/MainThread] [INFO] [dataiku.doctor.preprocessing_collector] Looking at Sex... (type=CATEGORY)
[2020-06-07 15:26:42,921] [5034/MainThread] [INFO] [dataiku.doctor.preprocessing_collector] Looking at FamilySize... (type=CATEGORY)
[2020-06-07 15:26:42,925] [5034/MainThread] [INFO] [dataiku.doctor.preprocessing_collector] Looking at Survived... (type=NUMERIC)
[2020-06-07 15:26:42,926] [5034/MainThread] [INFO] [dataiku.doctor.preprocessing_collector] Looking at Cabin... (type=CATEGORY)
[2020-06-07 15:26:42,928] [5034/MainThread] [INFO] [dataiku.doctor.utils.listener] END -  Collecting statistics
[2020-06-07 15:26:42,928] [5034/MainThread] [INFO] [dataiku.doctor.multiframe] generating interactions
[2020-06-07 15:26:42,929] [5034/MainThread] [INFO] [dataiku.doctor.multiframe] {u'preprocessingFitSampleSeed': 1337, u'feature_selection_params': {u'custom_params': {u'code': u'# type your code here'}, u'pca_params': {u'variance_proportion': 0.9, u'n_features': 25}, u'random_forest_params': {u'depth': 10, u'n_features': 25, u'n_trees': 30}, u'lasso_params': {u'alpha': [0.01, 0.1, 1.0, 10.0, 100.0], u'cross_validate': True}, u'method': u'CORRELATION', u'correlation_params': {u'n_features': 25, u'min_abs_correlation': 0.0}}, u'preprocessingFitSampleRatio': 1.0, u'reduce': {u'enabled': False, u'kept_variance': 0.0}, u'skipPreprocessing': False, u'target_remapping': [{u'mappedValue': 0, u'sourceValue': u'0', u'sampleFreq': 379}, {u'mappedValue': 1, u'sourceValue': u'1', u'sampleFreq': 247}], u'per_feature': {u'Fare': {u'min_samples': 10, u'customProcessorWantsMatrix': False, u'customHandlingCode': u'', u'category_handling': u'DUMMIFY', u'cumulative_proportion': 0.95, u'sendToInput': u'main', u'state': {u'userModified': True, u'recordedMeaning': u'DoubleMeaning', u'autoModifiedByDSS': False}, u'missing_handling': u'IMPUTE', u'max_nb_categories': 100, u'dummy_clip': u'CUMULATIVE_PROPORTION', u'role': u'REJECT', u'max_cat_safety': 200, u'missing_impute_with': u'MODE', u'type': u'CATEGORY', u'dummy_drop': u'DROP', u'impute_constant_value': u'0'}, u'Embarked': {u'min_samples': 10, u'customProcessorWantsMatrix': False, u'customHandlingCode': u'', u'category_handling': u'DUMMIFY', u'cumulative_proportion': 0.95, u'sendToInput': u'main', u'state': {u'userModified': True, u'recordedMeaning': u'LongMeaning', u'autoModifiedByDSS': False}, u'missing_handling': u'IMPUTE', u'max_nb_categories': 100, u'dummy_clip': u'CUMULATIVE_PROPORTION', u'role': u'REJECT', u'max_cat_safety': 200, u'missing_impute_with': u'MODE', u'type': u'CATEGORY', u'dummy_drop': u'DROP', u'impute_constant_value': u'0'}, u'Age': {u'min_samples': 10, u'customProcessorWantsMatrix': False, u'customHandlingCode': u'', u'category_handling': u'DUMMIFY', u'cumulative_proportion': 0.95, u'sendToInput': u'main', u'state': {u'userModified': True, u'recordedMeaning': u'DoubleMeaning', u'autoModifiedByDSS': False}, u'missing_handling': u'IMPUTE', u'max_nb_categories': 100, u'dummy_clip': u'CUMULATIVE_PROPORTION', u'role': u'INPUT', u'max_cat_safety': 200, u'missing_impute_with': u'MODE', u'type': u'CATEGORY', u'dummy_drop': u'DROP', u'impute_constant_value': u'0'}, u'Title': {u'min_samples': 10, u'customProcessorWantsMatrix': False, u'customHandlingCode': u'', u'category_handling': u'DUMMIFY', u'cumulative_proportion': 0.95, u'sendToInput': u'main', u'state': {u'userModified': True, u'recordedMeaning': u'LongMeaning', u'autoModifiedByDSS': False}, u'missing_handling': u'IMPUTE', u'max_nb_categories': 100, u'dummy_clip': u'CUMULATIVE_PROPORTION', u'role': u'REJECT', u'max_cat_safety': 200, u'missing_impute_with': u'MODE', u'type': u'CATEGORY', u'dummy_drop': u'DROP', u'impute_constant_value': u'0'}, u'Pclass': {u'min_samples': 10, u'customProcessorWantsMatrix': False, u'customHandlingCode': u'', u'category_handling': u'DUMMIFY', u'cumulative_proportion': 0.95, u'sendToInput': u'main', u'state': {u'userModified': True, u'recordedMeaning': u'LongMeaning', u'autoModifiedByDSS': False}, u'missing_handling': u'IMPUTE', u'max_nb_categories': 100, u'dummy_clip': u'CUMULATIVE_PROPORTION', u'role': u'REJECT', u'max_cat_safety': 200, u'missing_impute_with': u'MODE', u'type': u'CATEGORY', u'dummy_drop': u'DROP', u'impute_constant_value': u'0'}, u'Sex': {u'min_samples': 10, u'customProcessorWantsMatrix': False, u'customHandlingCode': u'', u'category_handling': u'DUMMIFY', u'cumulative_proportion': 0.95, u'sendToInput': u'main', u'state': {u'userModified': True, u'recordedMeaning': u'LongMeaning', u'autoModifiedByDSS': False}, u'missing_handling': u'IMPUTE', u'max_nb_categories': 100, u'dummy_clip': u'CUMULATIVE_PROPORTION', u'role': u'INPUT', u'max_cat_safety': 200, u'missing_impute_with': u'MODE', u'type': u'CATEGORY', u'dummy_drop': u'DROP', u'impute_constant_value': u'0'}, u'FamilySize': {u'min_samples': 10, u'customProcessorWantsMatrix': False, u'customHandlingCode': u'', u'category_handling': u'DUMMIFY', u'cumulative_proportion': 0.95, u'sendToInput': u'main', u'state': {u'userModified': True, u'recordedMeaning': u'DoubleMeaning', u'autoModifiedByDSS': False}, u'missing_handling': u'IMPUTE', u'max_nb_categories': 100, u'dummy_clip': u'CUMULATIVE_PROPORTION', u'role': u'INPUT', u'max_cat_safety': 200, u'missing_impute_with': u'MODE', u'type': u'CATEGORY', u'dummy_drop': u'DROP', u'impute_constant_value': u'0'}, u'Survived': {u'generate_derivative': False, u'customHandlingCode': u'', u'customProcessorWantsMatrix': False, u'sendToInput': u'main', u'binarize_threshold_mode': u'MEDIAN', u'state': {u'userModified': False, u'recordedMeaning': u'LongMeaning', u'autoModifiedByDSS': False}, u'role': u'TARGET', u'binarize_constant_threshold': 0.0, u'quantile_bin_nb_bins': 4, u'type': u'NUMERIC', u'impute_constant_value': 0.0}, u'Cabin': {u'min_samples': 10, u'customProcessorWantsMatrix': False, u'customHandlingCode': u'', u'category_handling': u'DUMMIFY', u'cumulative_proportion': 0.95, u'sendToInput': u'main', u'state': {u'userModified': True, u'recordedMeaning': u'DoubleMeaning', u'autoModifiedByDSS': False}, u'missing_handling': u'IMPUTE', u'max_nb_categories': 100, u'dummy_clip': u'CUMULATIVE_PROPORTION', u'role': u'REJECT', u'max_cat_safety': 200, u'missing_impute_with': u'MODE', u'type': u'CATEGORY', u'dummy_drop': u'DROP', u'impute_constant_value': u'0'}}, u'feature_generation': {u'manual_interactions': {u'interactions': []}, u'pairwise_linear': {u'behavior': u'ENABLED_MANUAL'}, u'categoricals_count_transformer': {u'input_features': [], u'all_features': False, u'behavior': u'DISABLED'}, u'polynomial_combinations': {u'behavior': u'ENABLED_MANUAL'}, u'numericals_clustering': {u'k': 0, u'input_features': [], u'all_features': False, u'behavior': u'DISABLED'}}}
[2020-06-07 15:26:42,929] [5034/MainThread] [INFO] [dataiku.doctor.multiframe] Performing feature reduction
[2020-06-07 15:26:42,929] [5034/MainThread] [INFO] [dataiku.doctor.utils.listener] START -  Preprocessing train set
[2020-06-07 15:26:42,930] [5034/MainThread] [INFO] [dataiku.doctor.multiframe] Set MF index len 496
[2020-06-07 15:26:42,930] [5034/MainThread] [DEBUG] [dku.ml.preprocessing] FIT/PROCESS WITH Step:RemapValueToOutput
[2020-06-07 15:26:42,942] [5034/MainThread] [DEBUG] [dku.ml.preprocessing] FIT/PROCESS WITH Step:MultipleImputeMissingFromInput
[2020-06-07 15:26:42,943] [5034/MainThread] [DEBUG] [dku.ml.preprocessing] MIMIFI: Imputing with map {}
[2020-06-07 15:26:42,943] [5034/MainThread] [DEBUG] [dku.ml.preprocessing] FIT/PROCESS WITH Step:FlushDFBuilder(num_flagonly)
[2020-06-07 15:26:42,943] [5034/MainThread] [DEBUG] [dku.ml.preprocessing] FIT/PROCESS WITH Step:MultipleImputeMissingFromInput
[2020-06-07 15:26:42,943] [5034/MainThread] [DEBUG] [dku.ml.preprocessing] MIMIFI: Imputing with map {u'FamilySize': '0.0', u'Age': '2.0', u'Sex': '0'}
[2020-06-07 15:26:42,946] [5034/MainThread] [DEBUG] [dku.ml.preprocessing] FIT/PROCESS WITH Step:FastSparseDummifyProcessor (Age)
[2020-06-07 15:26:42,954] [5034/MainThread] [DEBUG] [dku.ml.preprocessing] Dummifier: Append a sparse block shape=(496, 4) nnz=437
[2020-06-07 15:26:42,954] [5034/MainThread] [DEBUG] [dku.ml.preprocessing] FIT/PROCESS WITH Step:FastSparseDummifyProcessor (Sex)
[2020-06-07 15:26:42,957] [5034/MainThread] [DEBUG] [dku.ml.preprocessing] Dummifier: Append a sparse block shape=(496, 2) nnz=323
[2020-06-07 15:26:42,958] [5034/MainThread] [DEBUG] [dku.ml.preprocessing] FIT/PROCESS WITH Step:FastSparseDummifyProcessor (FamilySize)
[2020-06-07 15:26:42,961] [5034/MainThread] [DEBUG] [dku.ml.preprocessing] Dummifier: Append a sparse block shape=(496, 5) nnz=464
[2020-06-07 15:26:42,961] [5034/MainThread] [DEBUG] [dku.ml.preprocessing] FIT/PROCESS WITH Step:FlushDFBuilder(cat_flagpresence)
[2020-06-07 15:26:42,961] [5034/MainThread] [DEBUG] [dku.ml.preprocessing] FIT/PROCESS WITH Step:MultipleImputeMissingFromInput
[2020-06-07 15:26:42,961] [5034/MainThread] [DEBUG] [dku.ml.preprocessing] MIMIFI: Imputing with map {}
[2020-06-07 15:26:42,961] [5034/MainThread] [DEBUG] [dku.ml.preprocessing] FIT/PROCESS WITH Step:FlushDFBuilder(interaction)
[2020-06-07 15:26:42,961] [5034/MainThread] [DEBUG] [dku.ml.preprocessing] FIT/PROCESS WITH Step:RealignTarget
[2020-06-07 15:26:42,961] [5034/MainThread] [DEBUG] [dku.ml.preprocessing] Realign target series = (496,)
[2020-06-07 15:26:42,963] [5034/MainThread] [DEBUG] [dku.ml.preprocessing] After realign target: (496,)
[2020-06-07 15:26:42,963] [5034/MainThread] [DEBUG] [dku.ml.preprocessing] FIT/PROCESS WITH Step:DropRowsWhereNoTarget
[2020-06-07 15:26:42,963] [5034/MainThread] [DEBUG] [dku.ml.preprocessing] Deleting 0 rows because no target
[2020-06-07 15:26:42,964] [5034/MainThread] [DEBUG] [dku.ml.preprocessing] MF before = (496, 11) target before = (496,)
[2020-06-07 15:26:42,964] [5034/MainThread] [INFO] [dataiku.doctor.multiframe] MultiFrame, dropping rows: []
[2020-06-07 15:26:42,975] [5034/MainThread] [DEBUG] [dku.ml.preprocessing] After DRWNT input_df=(496, 9)
[2020-06-07 15:26:42,975] [5034/MainThread] [DEBUG] [dku.ml.preprocessing] MF after = (496, 11) target after = (496,)
[2020-06-07 15:26:42,975] [5034/MainThread] [DEBUG] [dku.ml.preprocessing] FIT/PROCESS WITH Step:DumpPipelineState
[2020-06-07 15:26:42,975] [5034/MainThread] [DEBUG] [dku.ml.preprocessing] ********* Pipeline state (Before feature selection)
[2020-06-07 15:26:42,975] [5034/MainThread] [DEBUG] [dku.ml.preprocessing]    input_df= (496, 9) 
[2020-06-07 15:26:42,976] [5034/MainThread] [DEBUG] [dku.ml.preprocessing]    current_mf=(496, 11) 
[2020-06-07 15:26:42,976] [5034/MainThread] [DEBUG] [dku.ml.preprocessing]    PPR: 
[2020-06-07 15:26:42,976] [5034/MainThread] [DEBUG] [dku.ml.preprocessing]       target = <class 'pandas.core.series.Series'> ((496,))
[2020-06-07 15:26:42,976] [5034/MainThread] [DEBUG] [dku.ml.preprocessing] FIT/PROCESS WITH Step:FeatureSelectionStep
/Applications/DataScienceStudio.app/Contents/Resources/kit/python.packages/sklearn/feature_selection/univariate_selection.py:114: UserWarning: Features [0] are constant.
  UserWarning)
/Applications/DataScienceStudio.app/Contents/Resources/kit/python.packages/sklearn/feature_selection/univariate_selection.py:115: RuntimeWarning: invalid value encountered in divide
  f = msb / msw
[2020-06-07 15:26:43,007] [5034/MainThread] [DEBUG] [dku.ml.preprocessing] FIT/PROCESS WITH Step:EmitCurrentMFAsResult
[2020-06-07 15:26:43,007] [5034/MainThread] [INFO] [dataiku.doctor.multiframe] Set MF index len 496
[2020-06-07 15:26:43,008] [5034/MainThread] [DEBUG] [dku.ml.preprocessing] FIT/PROCESS WITH Step:DumpPipelineState
[2020-06-07 15:26:43,008] [5034/MainThread] [DEBUG] [dku.ml.preprocessing] ********* Pipeline state (At end)
[2020-06-07 15:26:43,008] [5034/MainThread] [DEBUG] [dku.ml.preprocessing]    input_df= (496, 9) 
[2020-06-07 15:26:43,008] [5034/MainThread] [DEBUG] [dku.ml.preprocessing]    current_mf=(0, 0) 
[2020-06-07 15:26:43,008] [5034/MainThread] [DEBUG] [dku.ml.preprocessing]    PPR: 
[2020-06-07 15:26:43,008] [5034/MainThread] [DEBUG] [dku.ml.preprocessing]       UNPROCESSED = <class 'pandas.core.frame.DataFrame'> ((496, 9))
[2020-06-07 15:26:43,008] [5034/MainThread] [DEBUG] [dku.ml.preprocessing]       TRAIN = <class 'dataiku.doctor.multiframe.MultiFrame'> ((496, 11))
[2020-06-07 15:26:43,008] [5034/MainThread] [DEBUG] [dku.ml.preprocessing]       target = <class 'pandas.core.series.Series'> ((496,))
[2020-06-07 15:26:43,010] [5034/MainThread] [INFO] [dataiku.doctor.utils.listener] END -  Preprocessing train set
[2020-06-07 15:26:43,010] [5034/MainThread] [INFO] [dataiku.doctor.utils.listener] START -  Preprocessing test set
[2020-06-07 15:26:43,011] [5034/MainThread] [INFO] [dataiku.doctor.multiframe] Set MF index len 130
[2020-06-07 15:26:43,011] [5034/MainThread] [DEBUG] [dku.ml.preprocessing] PROCESS WITH Step:RemapValueToOutput
[2020-06-07 15:26:43,013] [5034/MainThread] [DEBUG] [dku.ml.preprocessing] PROCESS WITH Step:MultipleImputeMissingFromInput
[2020-06-07 15:26:43,013] [5034/MainThread] [DEBUG] [dku.ml.preprocessing] MIMIFI: Imputing with map {}
[2020-06-07 15:26:43,013] [5034/MainThread] [DEBUG] [dku.ml.preprocessing] PROCESS WITH Step:FlushDFBuilder(num_flagonly)
[2020-06-07 15:26:43,013] [5034/MainThread] [DEBUG] [dku.ml.preprocessing] PROCESS WITH Step:MultipleImputeMissingFromInput
[2020-06-07 15:26:43,013] [5034/MainThread] [DEBUG] [dku.ml.preprocessing] MIMIFI: Imputing with map {u'FamilySize': '0.0', u'Age': '2.0', u'Sex': '0'}
[2020-06-07 15:26:43,015] [5034/MainThread] [DEBUG] [dku.ml.preprocessing] PROCESS WITH Step:FastSparseDummifyProcessor (Age)
[2020-06-07 15:26:43,020] [5034/MainThread] [DEBUG] [dku.ml.preprocessing] Dummifier: Append a sparse block shape=(130, 4) nnz=121
[2020-06-07 15:26:43,020] [5034/MainThread] [DEBUG] [dku.ml.preprocessing] PROCESS WITH Step:FastSparseDummifyProcessor (Sex)
[2020-06-07 15:26:43,023] [5034/MainThread] [DEBUG] [dku.ml.preprocessing] Dummifier: Append a sparse block shape=(130, 2) nnz=85
[2020-06-07 15:26:43,023] [5034/MainThread] [DEBUG] [dku.ml.preprocessing] PROCESS WITH Step:FastSparseDummifyProcessor (FamilySize)
[2020-06-07 15:26:43,025] [5034/MainThread] [DEBUG] [dku.ml.preprocessing] Dummifier: Append a sparse block shape=(130, 5) nnz=123
[2020-06-07 15:26:43,025] [5034/MainThread] [DEBUG] [dku.ml.preprocessing] PROCESS WITH Step:FlushDFBuilder(cat_flagpresence)
[2020-06-07 15:26:43,026] [5034/MainThread] [DEBUG] [dku.ml.preprocessing] PROCESS WITH Step:MultipleImputeMissingFromInput
[2020-06-07 15:26:43,026] [5034/MainThread] [DEBUG] [dku.ml.preprocessing] MIMIFI: Imputing with map {}
[2020-06-07 15:26:43,026] [5034/MainThread] [DEBUG] [dku.ml.preprocessing] PROCESS WITH Step:FlushDFBuilder(interaction)
[2020-06-07 15:26:43,026] [5034/MainThread] [DEBUG] [dku.ml.preprocessing] PROCESS WITH Step:RealignTarget
[2020-06-07 15:26:43,026] [5034/MainThread] [DEBUG] [dku.ml.preprocessing] Realign target series = (130,)
[2020-06-07 15:26:43,026] [5034/MainThread] [DEBUG] [dku.ml.preprocessing] After realign target: (130,)
[2020-06-07 15:26:43,026] [5034/MainThread] [DEBUG] [dku.ml.preprocessing] PROCESS WITH Step:DropRowsWhereNoTarget
[2020-06-07 15:26:43,027] [5034/MainThread] [DEBUG] [dku.ml.preprocessing] Deleting 0 rows because no target
[2020-06-07 15:26:43,027] [5034/MainThread] [DEBUG] [dku.ml.preprocessing] MF before = (130, 11) target before = (130,)
[2020-06-07 15:26:43,028] [5034/MainThread] [INFO] [dataiku.doctor.multiframe] MultiFrame, dropping rows: []
[2020-06-07 15:26:43,032] [5034/MainThread] [DEBUG] [dku.ml.preprocessing] After DRWNT input_df=(130, 9)
[2020-06-07 15:26:43,033] [5034/MainThread] [DEBUG] [dku.ml.preprocessing] MF after = (130, 11) target after = (130,)
[2020-06-07 15:26:43,033] [5034/MainThread] [DEBUG] [dku.ml.preprocessing] PROCESS WITH Step:DumpPipelineState
[2020-06-07 15:26:43,033] [5034/MainThread] [DEBUG] [dku.ml.preprocessing] ********* Pipeline state (Before feature selection)
[2020-06-07 15:26:43,033] [5034/MainThread] [DEBUG] [dku.ml.preprocessing]    input_df= (130, 9) 
[2020-06-07 15:26:43,033] [5034/MainThread] [DEBUG] [dku.ml.preprocessing]    current_mf=(130, 11) 
[2020-06-07 15:26:43,033] [5034/MainThread] [DEBUG] [dku.ml.preprocessing]    PPR: 
[2020-06-07 15:26:43,033] [5034/MainThread] [DEBUG] [dku.ml.preprocessing]       target = <class 'pandas.core.series.Series'> ((130,))
[2020-06-07 15:26:43,033] [5034/MainThread] [DEBUG] [dku.ml.preprocessing] PROCESS WITH Step:FeatureSelectionStep
[2020-06-07 15:26:43,038] [5034/MainThread] [DEBUG] [dku.ml.preprocessing] PROCESS WITH Step:EmitCurrentMFAsResult
[2020-06-07 15:26:43,038] [5034/MainThread] [INFO] [dataiku.doctor.multiframe] Set MF index len 130
[2020-06-07 15:26:43,038] [5034/MainThread] [DEBUG] [dku.ml.preprocessing] PROCESS WITH Step:DumpPipelineState
[2020-06-07 15:26:43,038] [5034/MainThread] [DEBUG] [dku.ml.preprocessing] ********* Pipeline state (At end)
[2020-06-07 15:26:43,038] [5034/MainThread] [DEBUG] [dku.ml.preprocessing]    input_df= (130, 9) 
[2020-06-07 15:26:43,038] [5034/MainThread] [DEBUG] [dku.ml.preprocessing]    current_mf=(0, 0) 
[2020-06-07 15:26:43,038] [5034/MainThread] [DEBUG] [dku.ml.preprocessing]    PPR: 
[2020-06-07 15:26:43,038] [5034/MainThread] [DEBUG] [dku.ml.preprocessing]       UNPROCESSED = <class 'pandas.core.frame.DataFrame'> ((130, 9))
[2020-06-07 15:26:43,039] [5034/MainThread] [DEBUG] [dku.ml.preprocessing]       TRAIN = <class 'dataiku.doctor.multiframe.MultiFrame'> ((130, 11))
[2020-06-07 15:26:43,039] [5034/MainThread] [DEBUG] [dku.ml.preprocessing]       target = <class 'pandas.core.series.Series'> ((130,))
[2020-06-07 15:26:43,039] [5034/MainThread] [INFO] [dataiku.doctor.utils.listener] END -  Preprocessing test set
[2020-06-07 15:26:43,039] [5034/MainThread] [INFO] [dataiku.doctor.utils.listener] START -  Grid searching
[2020-06-07 15:26:43,041] [5034/MainThread] [INFO] [dataiku.doctor.prediction.common] prepare multiframe shape=(496,11) tn=5456 nnz=1224 fill_ratio=0.22
[2020-06-07 15:26:43,041] [5034/MainThread] [INFO] [dataiku.doctor.prediction.common] too small, using array
[2020-06-07 15:26:43,044] [5034/MainThread] [INFO] [dataiku.doctor.prediction.common] Create CLF from params: {u'computeLearningCurves': False, u'algorithm': u'LOGISTIC_REGRESSION', u'logit_grid': {u'penalty': {u'values': {u'l2': {u'enabled': False}, u'l1': {u'enabled': True}}}, u'multi_class': u'ovr', u'C': {u'gridMode': u'EXPLICIT', u'values': [0.01, 0.1, 1.0, 10.0, 100.0], u'nValues': 0}, u'n_jobs': 2, u'enabled': True}, u'autoOptimizeThreshold': True, u'gridLength': 5, u'metrics': {u'customEvaluationMetricGIB': True, u'customEvaluationMetricNeedsProba': False, u'thresholdOptimizationMetric': u'ACCURACY', u'liftPoint': 0.4, u'costMatrixWeights': {u'fnGain': 0.0, u'tpGain': 1.0, u'tnGain': 0.0, u'fpGain': -0.3}, u'evaluationMetric': u'ROC_AUC'}, u'forcedClassifierThreshold': 0.0, u'skipExpensiveReports': False, u'max_ensemble_nodes_serialized': 0, u'pluginAlgoCustomGridSearch': False, u'grid_search_params': {u'nIter': 0, u'nJobs': 4, u'strategy': u'GRID', u'randomized': True, u'shuffleIterations': 1, u'mode': u'KFOLD', u'timeout': 0, u'splitRatio': 0.8, u'nFolds': 3, u'stratified': True}} for algorithm LOGISTIC_REGRESSION
[2020-06-07 15:26:43,044] [5034/MainThread] [INFO] [dataiku.doctor.prediction.common] Using stratified K-Fold CV with k=3
[2020-06-07 15:26:43,044] [5034/MainThread] [INFO] [dataiku.doctor.crossval.grid_search_cv] Building Gridsearcher for hyperparameters space: <dataiku.doctor.prediction.common.HyperparametersSpace object at 0x11cb0a650>
[2020-06-07 15:26:43,050] [5034/MainThread] [INFO] [dataiku.doctor.crossval.grid_search_cv] Fitting 3 folds for each of 5 candidates, totalling 15 fits
[Parallel(n_jobs=4)]: Using backend ThreadingBackend with 4 concurrent workers.
[2020-06-07 15:26:43,070] [5034/GS-123145374142464] [INFO] [dataiku.doctor.crossval.grid_search_cv] Fit  p=0 s=0: penalty=l1, C=0.01 ..............................................
[2020-06-07 15:26:43,077] [5034/GS-123145378349056] [INFO] [dataiku.doctor.crossval.grid_search_cv] Fit  p=0 s=1: penalty=l1, C=0.01 ..............................................
[2020-06-07 15:26:43,079] [5034/GS-123145382555648] [INFO] [dataiku.doctor.crossval.grid_search_cv] Fit  p=0 s=2: penalty=l1, C=0.01 ..............................................
[2020-06-07 15:26:43,081] [5034/GS-123145386762240] [INFO] [dataiku.doctor.crossval.grid_search_cv] Fit  p=4 s=0: penalty=l1, C=100.0 .............................................
[2020-06-07 15:26:43,124] [5034/GS-123145374142464] [INFO] [dataiku.doctor.crossval.grid_search_cv] Done p=0 s=0: penalty=l1, C=0.01 (ft=0.0s st=0.0s sc=0.5)
[2020-06-07 15:26:43,124] [5034/GS-123145386762240] [INFO] [dataiku.doctor.crossval.grid_search_cv] Done p=4 s=0: penalty=l1, C=100.0 (ft=0.0s st=0.0s sc=0.817201869441)
[2020-06-07 15:26:43,124] [5034/GS-123145382555648] [INFO] [dataiku.doctor.crossval.grid_search_cv] Done p=0 s=2: penalty=l1, C=0.01 (ft=0.0s st=0.0s sc=0.5)
[2020-06-07 15:26:43,126] [5034/GS-123145378349056] [INFO] [dataiku.doctor.crossval.grid_search_cv] Done p=0 s=1: penalty=l1, C=0.01 (ft=0.0s st=0.0s sc=0.5)
[2020-06-07 15:26:43,133] [5034/GS-123145382555648] [INFO] [dataiku.doctor.crossval.grid_search_cv] Fit  p=4 s=1: penalty=l1, C=100.0 .............................................
[2020-06-07 15:26:43,134] [5034/GS-123145386762240] [INFO] [dataiku.doctor.crossval.grid_search_cv] Fit  p=4 s=2: penalty=l1, C=100.0 .............................................
[2020-06-07 15:26:43,148] [5034/GS-123145374142464] [INFO] [dataiku.doctor.crossval.grid_search_cv] Fit  p=1 s=0: penalty=l1, C=0.1 ...............................................
[2020-06-07 15:26:43,153] [5034/GS-123145378349056] [INFO] [dataiku.doctor.crossval.grid_search_cv] Fit  p=1 s=1: penalty=l1, C=0.1 ...............................................
[2020-06-07 15:26:43,171] [5034/GS-123145386762240] [INFO] [dataiku.doctor.crossval.grid_search_cv] Done p=4 s=2: penalty=l1, C=100.0 (ft=0.0s st=0.0s sc=0.821089684726)
[2020-06-07 15:26:43,179] [5034/GS-123145386762240] [INFO] [dataiku.doctor.crossval.grid_search_cv] Fit  p=1 s=2: penalty=l1, C=0.1 ...............................................
[2020-06-07 15:26:43,186] [5034/GS-123145374142464] [INFO] [dataiku.doctor.crossval.grid_search_cv] Done p=1 s=0: penalty=l1, C=0.1 (ft=0.0s st=0.0s sc=0.81373435851)
[2020-06-07 15:26:43,188] [5034/GS-123145382555648] [INFO] [dataiku.doctor.crossval.grid_search_cv] Done p=4 s=1: penalty=l1, C=100.0 (ft=0.0s st=0.0s sc=0.768059381696)
[2020-06-07 15:26:43,200] [5034/GS-123145378349056] [INFO] [dataiku.doctor.crossval.grid_search_cv] Done p=1 s=1: penalty=l1, C=0.1 (ft=0.0s st=0.0s sc=0.714569941843)
[2020-06-07 15:26:43,202] [5034/GS-123145374142464] [INFO] [dataiku.doctor.crossval.grid_search_cv] Fit  p=3 s=0: penalty=l1, C=10.0 ..............................................
[2020-06-07 15:26:43,203] [5034/GS-123145382555648] [INFO] [dataiku.doctor.crossval.grid_search_cv] Fit  p=3 s=1: penalty=l1, C=10.0 ..............................................
[2020-06-07 15:26:43,216] [5034/GS-123145378349056] [INFO] [dataiku.doctor.crossval.grid_search_cv] Fit  p=3 s=2: penalty=l1, C=10.0 ..............................................
[2020-06-07 15:26:43,236] [5034/GS-123145386762240] [INFO] [dataiku.doctor.crossval.grid_search_cv] Done p=1 s=2: penalty=l1, C=0.1 (ft=0.0s st=0.0s sc=0.752525252525)
[2020-06-07 15:26:43,240] [5034/GS-123145382555648] [INFO] [dataiku.doctor.crossval.grid_search_cv] Done p=3 s=1: penalty=l1, C=10.0 (ft=0.0s st=0.0s sc=0.767447199265)
[2020-06-07 15:26:43,240] [5034/GS-123145374142464] [INFO] [dataiku.doctor.crossval.grid_search_cv] Done p=3 s=0: penalty=l1, C=10.0 (ft=0.0s st=0.0s sc=0.822176993819)
[2020-06-07 15:26:43,244] [5034/GS-123145386762240] [INFO] [dataiku.doctor.crossval.grid_search_cv] Fit  p=2 s=0: penalty=l1, C=1.0 ...............................................
[2020-06-07 15:26:43,253] [5034/GS-123145382555648] [INFO] [dataiku.doctor.crossval.grid_search_cv] Fit  p=2 s=1: penalty=l1, C=1.0 ...............................................
[2020-06-07 15:26:43,259] [5034/GS-123145374142464] [INFO] [dataiku.doctor.crossval.grid_search_cv] Fit  p=2 s=2: penalty=l1, C=1.0 ...............................................
[2020-06-07 15:26:43,263] [5034/GS-123145378349056] [INFO] [dataiku.doctor.crossval.grid_search_cv] Done p=3 s=2: penalty=l1, C=10.0 (ft=0.0s st=0.0s sc=0.820018365473)
[2020-06-07 15:26:43,278] [5034/GS-123145386762240] [INFO] [dataiku.doctor.crossval.grid_search_cv] Done p=2 s=0: penalty=l1, C=1.0 (ft=0.0s st=0.0s sc=0.845620382934)
[2020-06-07 15:26:43,282] [5034/GS-123145382555648] [INFO] [dataiku.doctor.crossval.grid_search_cv] Done p=2 s=1: penalty=l1, C=1.0 (ft=0.0s st=0.0s sc=0.760560146924)
[2020-06-07 15:26:43,283] [5034/GS-123145374142464] [INFO] [dataiku.doctor.crossval.grid_search_cv] Done p=2 s=2: penalty=l1, C=1.0 (ft=0.0s st=0.0s sc=0.810223446587)
[Parallel(n_jobs=4)]: Done  15 out of  15 | elapsed:    0.2s finished
[2020-06-07 15:26:44,091] [5034/MainThread] [INFO] [dataiku.doctor.crossval.grid_search_cv] Grid search ended, got 15 scores out of 15
[2020-06-07 15:26:44,092] [5034/MainThread] [INFO] [dataiku.doctor.crossval.grid_search_cv] Grid search done, best_parameters being : {'penalty': u'l1', 'C': 1.0}
[2020-06-07 15:26:44,094] [5034/MainThread] [INFO] [dataiku.doctor.utils.listener] END -  Grid searching
[2020-06-07 15:26:44,094] [5034/MainThread] [INFO] [dataiku.doctor.utils.listener] START -  Fitting model
[2020-06-07 15:26:44,095] [5034/MainThread] [INFO] [dataiku.doctor.prediction.common] Fitting model:
[2020-06-07 15:26:44,096] [5034/MainThread] [INFO] [dataiku.doctor.prediction.common]   Model is: LogisticRegression(C=1.0,
          class_weight={0: 0.835016835016835, 1: 1.2462311557788945},
          dual=False, fit_intercept=True, intercept_scaling=1,
          max_iter=100, multi_class=u'ovr', n_jobs=None, penalty=u'l1',
          random_state=1337, solver='liblinear', tol=0.0001, verbose=0,
          warm_start=False)
[2020-06-07 15:26:44,096] [5034/MainThread] [INFO] [dataiku.doctor.prediction.common]   train_X class: <type 'numpy.ndarray'>
[2020-06-07 15:26:44,096] [5034/MainThread] [INFO] [dataiku.doctor.prediction.common]   train_X shape: (496, 11)
[2020-06-07 15:26:44,096] [5034/MainThread] [INFO] [dataiku.doctor.prediction.common]   train_y shape: (496,)
[2020-06-07 15:26:44,099] [5034/MainThread] [INFO] [dataiku.doctor.prediction.classification_fit] LR Params are {'warm_start': False, 'C': 1.0, 'n_jobs': None, 'verbose': 0, 'intercept_scaling': 1, 'fit_intercept': True, 'max_iter': 100, 'penalty': u'l1', 'multi_class': u'ovr', 'random_state': 1337, 'dual': False, 'tol': 0.0001, 'solver': 'liblinear', 'class_weight': {0: 0.835016835016835, 1: 1.2462311557788945}} 
[2020-06-07 15:26:44,100] [5034/MainThread] [INFO] [dataiku.doctor.prediction.classification_fit] Output params are {'resolved': {'logit': {'penalty': u'l1', 'multi_class': u'ovr', 'C': 1.0}, 'skipExpensiveReports': False, 'algorithm': u'LOGISTIC_REGRESSION'}, 'other': {}}
[2020-06-07 15:26:44,100] [5034/MainThread] [INFO] [dataiku.doctor.utils.listener] END -  Fitting model
[2020-06-07 15:26:44,100] [5034/MainThread] [INFO] [dataiku.doctor.utils.listener] START -  Saving model
[2020-06-07 15:26:44,103] [5034/MainThread] [INFO] [dataiku.doctor.prediction_entrypoints] PICKLING LogisticRegression(C=1.0,
          class_weight={0: 0.835016835016835, 1: 1.2462311557788945},
          dual=False, fit_intercept=True, intercept_scaling=1,
          max_iter=100, multi_class=u'ovr', n_jobs=None, penalty=u'l1',
          random_state=1337, solver='liblinear', tol=0.0001, verbose=0,
          warm_start=False)
[2020-06-07 15:26:44,105] [5034/MainThread] [INFO] [dataiku.doctor.utils.listener] END -  Saving model
[2020-06-07 15:26:44,105] [5034/MainThread] [INFO] [dataiku.doctor.utils.listener] START -  Scoring model
[2020-06-07 15:26:44,106] [5034/MainThread] [INFO] [dataiku.doctor.prediction.classification_scoring] Intrinsic scoring
[2020-06-07 15:26:44,106] [5034/MainThread] [INFO] [dataiku.doctor.prediction.classification_scoring] Computing regression coeffs
[2020-06-07 15:26:44,106] [5034/MainThread] [INFO] [dataiku.doctor.prediction.classification_scoring] FEATURES 11 CLF COEF 11
[2020-06-07 15:26:44,110] [5034/MainThread] [INFO] [dataiku.doctor.prediction.classification_scoring] CLF Intercept: [0.06537806]
[2020-06-07 15:26:44,111] [5034/MainThread] [INFO] [dataiku.doctor.prediction.scoring_base] Coefs: [ 0.06537806 -0.16296592 -0.36824309 -0.05911772  0.         -2.38946238
  0.          1.42271849  1.94088385  2.47022442  2.12816441  0.        ]
[2020-06-07 15:26:44,111] [5034/MainThread] [INFO] [dataiku.doctor.prediction.scoring_base] Sample variance: 0.4998720768366196
[2020-06-07 15:26:44,113] [5034/MainThread] [INFO] [dataiku.doctor.prediction.scoring_base] Diagonal in information_matrix computation:   (0, 0)	0.21778220477363938
  (1, 1)	0.10927379881522056
  (2, 2)	0.19069923728543914
  (3, 3)	0.08120051327839377
  (4, 4)	0.0780100063042765
  (5, 5)	0.15590924998712585
  (6, 6)	0.17122109868864324
  (7, 7)	0.15027515828455118
  (8, 8)	0.15590924998712585
  (9, 9)	0.08120051327839377
  (10, 10)	0.16588025445275686
  (11, 11)	0.19069923728543914
  (12, 12)	0.15027515828455118
  (13, 13)	0.19069923728543914
  (14, 14)	0.0594045560933346
  (15, 15)	0.19069923728543914
  (16, 16)	0.117985460382411
  (17, 17)	0.16588025445275686
  (18, 18)	0.20538184443412183
  (19, 19)	0.23816010735226895
  (20, 20)	0.19069923728543914
  (21, 21)	0.09216872839827862
  (22, 22)	0.10927379881522056
  (23, 23)	0.117985460382411
  (24, 24)	0.09026539251938284
  :	:
  (471, 471)	0.117985460382411
  (472, 472)	0.06801218226654925
  (473, 473)	0.13625219975239597
  (474, 474)	0.10927379881522056
  (475, 475)	0.07151336675919985
  (476, 476)	0.20017345216785212
  (477, 477)	0.11953398449642619
  (478, 478)	0.19069923728543914
  (479, 479)	0.21778220477363938
  (480, 480)	0.15590924998712585
  (481, 481)	0.17122109868864324
  (482, 482)	0.19069923728543914
  (483, 483)	0.24866992888976486
  (484, 484)	0.07151336675919985
  (485, 485)	0.15027515828455118
  (486, 486)	0.17122109868864324
  (487, 487)	0.17122109868864324
  (488, 488)	0.10927379881522056
  (489, 489)	0.13625219975239597
  (490, 490)	0.19069923728543914
  (491, 491)	0.19069923728543914
  (492, 492)	0.17122109868864324
  (493, 493)	0.24999755052770645
  (494, 494)	0.10256686613576466
  (495, 495)	0.19069923728543914
[2020-06-07 15:26:44,121] [5034/MainThread] [INFO] [dataiku.doctor.prediction.scoring_base] Singular variance matrix
[2020-06-07 15:26:44,121] [5034/MainThread] [INFO] [dataiku.doctor.prediction.classification_scoring] V=dummy:Age:2.0 i=-0.16296592436030174
[2020-06-07 15:26:44,121] [5034/MainThread] [INFO] [dataiku.doctor.prediction.classification_scoring] V=dummy:Age:1.0 i=-0.368243085288155
[2020-06-07 15:26:44,122] [5034/MainThread] [INFO] [dataiku.doctor.prediction.classification_scoring] V=dummy:Age:3.0 i=-0.0591177188053861
[2020-06-07 15:26:44,122] [5034/MainThread] [INFO] [dataiku.doctor.prediction.classification_scoring] V=dummy:Sex:0 i=-2.3894623812797025
[2020-06-07 15:26:44,122] [5034/MainThread] [INFO] [dataiku.doctor.prediction.classification_scoring] V=dummy:FamilySize:0.0 i=1.4227184922384664
[2020-06-07 15:26:44,122] [5034/MainThread] [INFO] [dataiku.doctor.prediction.classification_scoring] V=dummy:FamilySize:0.4 i=1.9408838523057725
[2020-06-07 15:26:44,122] [5034/MainThread] [INFO] [dataiku.doctor.prediction.classification_scoring] V=dummy:FamilySize:0.8 i=2.4702244236149737
[2020-06-07 15:26:44,122] [5034/MainThread] [INFO] [dataiku.doctor.prediction.classification_scoring] V=dummy:FamilySize:1.2 i=2.1281644120823855
[2020-06-07 15:26:44,122] [5034/MainThread] [INFO] [dataiku.doctor.prediction.classification_scoring] Extracting rescalers
[2020-06-07 15:26:44,123] [5034/MainThread] [INFO] [dataiku.doctor.prediction.common] prepare multiframe shape=(130,11) tn=1430 nnz=329 fill_ratio=0.23
[2020-06-07 15:26:44,123] [5034/MainThread] [INFO] [dataiku.doctor.prediction.common] too small, using array
[2020-06-07 15:26:44,124] [5034/MainThread] [INFO] [dataiku.doctor.prediction.classification_scoring] Probas raw shape 130/2 target_map=2
/Applications/DataScienceStudio.app/Contents/Resources/kit/python.packages/sklearn/metrics/classification.py:543: RuntimeWarning: invalid value encountered in double_scalars
  mcc = cov_ytyp / np.sqrt(cov_ytyt * cov_ypyp)
/Applications/DataScienceStudio.app/Contents/Resources/kit/python.packages/sklearn/metrics/classification.py:1143: UndefinedMetricWarning: F-score is ill-defined and being set to 0.0 due to no predicted samples.
  'precision', 'predicted', average, warn_for)
[2020-06-07 15:26:44,408] [5034/MainThread] [INFO] [dataiku.doctor.prediction.classification_scoring] Starting threshold optim
[2020-06-07 15:26:44,409] [5034/MainThread] [INFO] [dataiku.doctor.prediction.classification_scoring] AT CUT 0.000000 score 0.369231 (pred_true=130)
[2020-06-07 15:26:44,410] [5034/MainThread] [INFO] [dataiku.doctor.prediction.classification_scoring] AT CUT 0.025000 score 0.369231 (pred_true=130)
[2020-06-07 15:26:44,411] [5034/MainThread] [INFO] [dataiku.doctor.prediction.classification_scoring] AT CUT 0.050000 score 0.369231 (pred_true=130)
[2020-06-07 15:26:44,413] [5034/MainThread] [INFO] [dataiku.doctor.prediction.classification_scoring] AT CUT 0.075000 score 0.369231 (pred_true=130)
[2020-06-07 15:26:44,414] [5034/MainThread] [INFO] [dataiku.doctor.prediction.classification_scoring] AT CUT 0.100000 score 0.384615 (pred_true=128)
[2020-06-07 15:26:44,415] [5034/MainThread] [INFO] [dataiku.doctor.prediction.classification_scoring] AT CUT 0.125000 score 0.384615 (pred_true=128)
[2020-06-07 15:26:44,416] [5034/MainThread] [INFO] [dataiku.doctor.prediction.classification_scoring] AT CUT 0.150000 score 0.384615 (pred_true=128)
[2020-06-07 15:26:44,417] [5034/MainThread] [INFO] [dataiku.doctor.prediction.classification_scoring] AT CUT 0.175000 score 0.384615 (pred_true=128)
[2020-06-07 15:26:44,418] [5034/MainThread] [INFO] [dataiku.doctor.prediction.classification_scoring] AT CUT 0.200000 score 0.384615 (pred_true=128)
[2020-06-07 15:26:44,420] [5034/MainThread] [INFO] [dataiku.doctor.prediction.classification_scoring] AT CUT 0.225000 score 0.453846 (pred_true=115)
[2020-06-07 15:26:44,421] [5034/MainThread] [INFO] [dataiku.doctor.prediction.classification_scoring] AT CUT 0.250000 score 0.453846 (pred_true=115)
[2020-06-07 15:26:44,422] [5034/MainThread] [INFO] [dataiku.doctor.prediction.classification_scoring] AT CUT 0.275000 score 0.607692 (pred_true=89)
[2020-06-07 15:26:44,422] [5034/MainThread] [INFO] [dataiku.doctor.prediction.classification_scoring] AT CUT 0.300000 score 0.700000 (pred_true=71)
[2020-06-07 15:26:44,423] [5034/MainThread] [INFO] [dataiku.doctor.prediction.classification_scoring] AT CUT 0.325000 score 0.723077 (pred_true=66)
[2020-06-07 15:26:44,424] [5034/MainThread] [INFO] [dataiku.doctor.prediction.classification_scoring] AT CUT 0.350000 score 0.723077 (pred_true=66)
[2020-06-07 15:26:44,425] [5034/MainThread] [INFO] [dataiku.doctor.prediction.classification_scoring] AT CUT 0.375000 score 0.761538 (pred_true=61)
[2020-06-07 15:26:44,426] [5034/MainThread] [INFO] [dataiku.doctor.prediction.classification_scoring] AT CUT 0.400000 score 0.776923 (pred_true=59)
[2020-06-07 15:26:44,426] [5034/MainThread] [INFO] [dataiku.doctor.prediction.classification_scoring] AT CUT 0.425000 score 0.784615 (pred_true=56)
[2020-06-07 15:26:44,427] [5034/MainThread] [INFO] [dataiku.doctor.prediction.classification_scoring] AT CUT 0.450000 score 0.807692 (pred_true=51)
[2020-06-07 15:26:44,428] [5034/MainThread] [INFO] [dataiku.doctor.prediction.classification_scoring] AT CUT 0.475000 score 0.807692 (pred_true=51)
[2020-06-07 15:26:44,429] [5034/MainThread] [INFO] [dataiku.doctor.prediction.classification_scoring] AT CUT 0.500000 score 0.823077 (pred_true=49)
[2020-06-07 15:26:44,430] [5034/MainThread] [INFO] [dataiku.doctor.prediction.classification_scoring] AT CUT 0.525000 score 0.861538 (pred_true=42)
[2020-06-07 15:26:44,431] [5034/MainThread] [INFO] [dataiku.doctor.prediction.classification_scoring] AT CUT 0.550000 score 0.846154 (pred_true=40)
[2020-06-07 15:26:44,432] [5034/MainThread] [INFO] [dataiku.doctor.prediction.classification_scoring] AT CUT 0.575000 score 0.846154 (pred_true=40)
[2020-06-07 15:26:44,433] [5034/MainThread] [INFO] [dataiku.doctor.prediction.classification_scoring] AT CUT 0.600000 score 0.846154 (pred_true=40)
[2020-06-07 15:26:44,434] [5034/MainThread] [INFO] [dataiku.doctor.prediction.classification_scoring] AT CUT 0.625000 score 0.846154 (pred_true=40)
[2020-06-07 15:26:44,435] [5034/MainThread] [INFO] [dataiku.doctor.prediction.classification_scoring] AT CUT 0.650000 score 0.846154 (pred_true=40)
[2020-06-07 15:26:44,437] [5034/MainThread] [INFO] [dataiku.doctor.prediction.classification_scoring] AT CUT 0.675000 score 0.846154 (pred_true=40)
[2020-06-07 15:26:44,438] [5034/MainThread] [INFO] [dataiku.doctor.prediction.classification_scoring] AT CUT 0.700000 score 0.846154 (pred_true=40)
[2020-06-07 15:26:44,439] [5034/MainThread] [INFO] [dataiku.doctor.prediction.classification_scoring] AT CUT 0.725000 score 0.846154 (pred_true=40)
[2020-06-07 15:26:44,439] [5034/MainThread] [INFO] [dataiku.doctor.prediction.classification_scoring] AT CUT 0.750000 score 0.846154 (pred_true=40)
[2020-06-07 15:26:44,440] [5034/MainThread] [INFO] [dataiku.doctor.prediction.classification_scoring] AT CUT 0.775000 score 0.830769 (pred_true=32)
[2020-06-07 15:26:44,441] [5034/MainThread] [INFO] [dataiku.doctor.prediction.classification_scoring] AT CUT 0.800000 score 0.776923 (pred_true=25)
[2020-06-07 15:26:44,442] [5034/MainThread] [INFO] [dataiku.doctor.prediction.classification_scoring] AT CUT 0.825000 score 0.769231 (pred_true=20)
[2020-06-07 15:26:44,442] [5034/MainThread] [INFO] [dataiku.doctor.prediction.classification_scoring] AT CUT 0.850000 score 0.761538 (pred_true=19)
[2020-06-07 15:26:44,443] [5034/MainThread] [INFO] [dataiku.doctor.prediction.classification_scoring] AT CUT 0.875000 score 0.715385 (pred_true=11)
[2020-06-07 15:26:44,444] [5034/MainThread] [INFO] [dataiku.doctor.prediction.classification_scoring] AT CUT 0.900000 score 0.661538 (pred_true=4)
[2020-06-07 15:26:44,445] [5034/MainThread] [INFO] [dataiku.doctor.prediction.classification_scoring] AT CUT 0.925000 score 0.638462 (pred_true=1)
[2020-06-07 15:26:44,446] [5034/MainThread] [INFO] [dataiku.doctor.prediction.classification_scoring] AT CUT 0.950000 score 0.630769 (pred_true=0)
[2020-06-07 15:26:44,446] [5034/MainThread] [INFO] [dataiku.doctor.prediction.classification_scoring] AT CUT 0.975000 score 0.630769 (pred_true=0)
[2020-06-07 15:26:44,446] [5034/MainThread] [INFO] [dataiku.doctor.prediction.classification_scoring] Selected threshold 0.525 
[2020-06-07 15:26:44,450] [5034/MainThread] [INFO] [dataiku.doctor.prediction.classification_scoring] preds 0      1
1      0
2      0
3      1
4      0
5      0
6      0
7      0
8      0
9      1
10     0
11     0
12     1
13     0
14     0
15     0
16     0
17     1
18     0
19     0
20     0
21     0
22     0
23     0
24     1
25     1
26     0
27     0
28     0
29     0
      ..
100    1
101    0
102    1
103    0
104    0
105    0
106    0
107    1
108    0
109    0
110    0
111    0
112    0
113    0
114    0
115    0
116    1
117    0
118    0
119    0
120    0
121    0
122    1
123    0
124    1
125    0
126    0
127    0
128    0
129    1
Name: predicted, Length: 130, dtype: int64
[2020-06-07 15:26:44,450] [5034/MainThread] [INFO] [dataiku.doctor.prediction.classification_scoring] MAPPED SHAPE 130
[2020-06-07 15:26:44,450] [5034/MainThread] [INFO] [dataiku.doctor.prediction.classification_scoring] k=1 v=1
[2020-06-07 15:26:44,451] [5034/MainThread] [INFO] [dataiku.doctor.prediction.classification_scoring] Mask data [ True False False  True False False False False False  True False False
  True False False False False  True False False False False False False
  True  True False False False False False  True False False  True False
 False  True False  True  True  True  True False  True  True  True  True
  True False False False False  True False False  True  True False False
 False  True  True False False False False False False  True False  True
  True False  True  True False False False False  True  True False  True
 False False False  True False False False False  True False False  True
 False False False False  True False  True False False False False  True
 False False False False False False False False  True False False False
 False False  True False  True False False False False  True]
[2020-06-07 15:26:44,452] [5034/MainThread] [INFO] [dataiku.doctor.prediction.classification_scoring] mapped pred <type 'numpy.ndarray'>
[2020-06-07 15:26:44,452] [5034/MainThread] [INFO] [dataiku.doctor.prediction.classification_scoring] k=0 v=0
[2020-06-07 15:26:44,453] [5034/MainThread] [INFO] [dataiku.doctor.prediction.classification_scoring] Mask data [False  True  True False  True  True  True  True  True False  True  True
 False  True  True  True  True False  True  True  True  True  True  True
 False False  True  True  True  True  True False  True  True False  True
  True False  True False False False False  True False False False False
 False  True  True  True  True False  True  True False False  True  True
  True False False  True  True  True  True  True  True False  True False
 False  True False False  True  True  True  True False False  True False
  True  True  True False  True  True  True  True False  True  True False
  True  True  True  True False  True False  True  True  True  True False
  True  True  True  True  True  True  True  True False  True  True  True
  True  True False  True False  True  True  True  True False]
[2020-06-07 15:26:44,453] [5034/MainThread] [INFO] [dataiku.doctor.prediction.classification_scoring] mapped pred <type 'numpy.ndarray'>
[2020-06-07 15:26:44,454] [5034/MainThread] [INFO] [dataiku.doctor.prediction.classification_scoring] MAPPED PREDS [u'1' u'0' u'0' u'1' u'0' u'0' u'0' u'0' u'0' u'1' u'0' u'0' u'1' u'0'
 u'0' u'0' u'0' u'1' u'0' u'0' u'0' u'0' u'0' u'0' u'1' u'1' u'0' u'0'
 u'0' u'0' u'0' u'1' u'0' u'0' u'1' u'0' u'0' u'1' u'0' u'1' u'1' u'1'
 u'1' u'0' u'1' u'1' u'1' u'1' u'1' u'0' u'0' u'0' u'0' u'1' u'0' u'0'
 u'1' u'1' u'0' u'0' u'0' u'1' u'1' u'0' u'0' u'0' u'0' u'0' u'0' u'1'
 u'0' u'1' u'1' u'0' u'1' u'1' u'0' u'0' u'0' u'0' u'1' u'1' u'0' u'1'
 u'0' u'0' u'0' u'1' u'0' u'0' u'0' u'0' u'1' u'0' u'0' u'1' u'0' u'0'
 u'0' u'0' u'1' u'0' u'1' u'0' u'0' u'0' u'0' u'1' u'0' u'0' u'0' u'0'
 u'0' u'0' u'0' u'0' u'1' u'0' u'0' u'0' u'0' u'0' u'1' u'0' u'1' u'0'
 u'0' u'0' u'0' u'1']
[2020-06-07 15:26:44,464] [5034/MainThread] [INFO] [dataiku.doctor.prediction.common] Total true rate = 48 / 130
[2020-06-07 15:26:44,464] [5034/MainThread] [INFO] [dataiku.doctor.prediction.common] Computing lift on first 52 rows
[2020-06-07 15:26:44,465] [5034/MainThread] [INFO] [dataiku.doctor.prediction.common] True rate on considered : 52 / 37
[2020-06-07 15:26:44,465] [5034/MainThread] [INFO] [dataiku.doctor.prediction.common] Lift = 1.927083
[2020-06-07 15:26:44,470] [5034/MainThread] [INFO] [root] Failed to qcut proba in 10
[2020-06-07 15:26:44,736] [5034/MainThread] [INFO] [dataiku.doctor.prediction.classification_scoring] Density for 0 (id 0)
[2020-06-07 15:26:44,736] [5034/MainThread] [INFO] [dataiku.doctor.prediction.classification_scoring] valid_y shape = (130,)
[2020-06-07 15:26:44,737] [5034/MainThread] [INFO] [dataiku.doctor.prediction.classification_scoring] CP: <type 'numpy.ndarray'> ((130,))
[2020-06-07 15:26:44,737] [5034/MainThread] [INFO] [dataiku.doctor.prediction.classification_scoring] Actual shape = (130,)
[2020-06-07 15:26:44,737] [5034/MainThread] [INFO] [dataiku.doctor.prediction.classification_scoring] MASK is <type 'numpy.ndarray'> 
[2020-06-07 15:26:44,739] [5034/MainThread] [INFO] [dataiku.doctor.prediction.classification_scoring] Class proba [0.74351748 0.72321861 0.72321861 0.63324571 0.63324571 0.74351748
 0.78067579 0.5887707  0.72321861 0.67949316 0.47825812 0.67949316
 0.55529861 0.74351748 0.55529861 0.74351748 0.24603847 0.63324571
 0.74351748 0.78067579 0.52437762 0.78067579 0.74351748 0.24603847
 0.60881127 0.72321861 0.74351748 0.47825812 0.72321861 0.67949316
 0.48366131 0.74351748 0.78067579 0.67949316 0.56341604 0.63324571
 0.74351748 0.74351748 0.74351748 0.72321861 0.74351748 0.19325784
 0.72321861 0.72321861 0.55529861 0.74351748 0.13666195 0.74351748
 0.78067579 0.47825812 0.72321861 0.50420636 0.63324571 0.24603847
 0.72321861 0.78067579 0.47825812 0.78067579 0.78067579 0.72321861
 0.74351748 0.72321861 0.74351748 0.74351748 0.78067579 0.78067579
 0.74351748 0.49843492 0.60881127 0.74351748 0.74351748 0.72321861
 0.19325784 0.5887707  0.78067579 0.74351748 0.74351748 0.72321861
 0.92322899 0.74351748 0.91085215 0.7112301 ]
[2020-06-07 15:26:44,739] [5034/MainThread] [INFO] [dataiku.doctor.prediction.classification_scoring] Class proba shape (82,)
[2020-06-07 15:26:44,745] [5034/MainThread] [INFO] [dataiku.doctor.prediction.classification_scoring] Density for 1 (id 1)
[2020-06-07 15:26:44,745] [5034/MainThread] [INFO] [dataiku.doctor.prediction.classification_scoring] valid_y shape = (130,)
[2020-06-07 15:26:44,746] [5034/MainThread] [INFO] [dataiku.doctor.prediction.classification_scoring] CP: <type 'numpy.ndarray'> ((130,))
[2020-06-07 15:26:44,746] [5034/MainThread] [INFO] [dataiku.doctor.prediction.classification_scoring] Actual shape = (130,)
[2020-06-07 15:26:44,746] [5034/MainThread] [INFO] [dataiku.doctor.prediction.classification_scoring] MASK is <type 'numpy.ndarray'> 
[2020-06-07 15:26:44,748] [5034/MainThread] [INFO] [dataiku.doctor.prediction.classification_scoring] Class proba [0.86333805 0.9266003  0.25648252 0.50156508 0.86333805 0.75396153
 0.75396153 0.25648252 0.75396153 0.21932421 0.86333805 0.87513491
 0.75396153 0.87513491 0.79003404 0.79003404 0.79003404 0.89727984
 0.75396153 0.80674216 0.53647014 0.21932421 0.83726518 0.27678139
 0.86333805 0.89727984 0.42485725 0.79003404 0.89966812 0.8157924
 0.91471676 0.79003404 0.87513491 0.44470139 0.87513491 0.92247678
 0.27678139 0.8612008  0.2887699  0.32050684 0.86333805 0.79003404
 0.80674216 0.79003404 0.92247678 0.25648252 0.53647014 0.86333805]
[2020-06-07 15:26:44,749] [5034/MainThread] [INFO] [dataiku.doctor.prediction.classification_scoring] Class proba shape (48,)
/Applications/DataScienceStudio.app/Contents/Resources/kit/python/dataiku/doctor/utils/calibration.py:34: RuntimeWarning: invalid value encountered in divide
  freq_pos = y_true[i_start:i_end].sum() / weight
/Applications/DataScienceStudio.app/Contents/Resources/kit/python/dataiku/doctor/utils/calibration.py:35: RuntimeWarning: invalid value encountered in double_scalars
  avg_pred = y_prob[i_start:i_end].sum() / weight
[2020-06-07 15:26:44,777] [5034/MainThread] [INFO] [dataiku.doctor.utils.listener] END -  Scoring model
[2020/06/07-15:26:44.779] [MRT-2330] [INFO] [dku.block.link.interaction]  - Check result for nullity exceptionIfNull=true result=not null
[2020/06/07-15:26:44.780] [MRT-2330] [INFO] [dku.analysis.prediction]  - Training returned ok
[2020/06/07-15:26:44.783] [MRT-2330] [INFO] [dku.ml.versioning]  - Dumping version info {"trainedWithDSSVersion":"7.0.1","trainedWithDSSConfVersion":"7000","trainedWithDSSBackend":"PY_MEMORY","backendCompatibilityVersion":18} in /Users/gerryleonugroho/Library/DataScienceStudio/dss_home/analysis-data/TITANICDATAIKU/Rp05AA2N/yhJ40vo3/sessions/s5/pp1/m1
[2020/06/07-15:26:44.791] [KNL-python-single-command-kernel-err-2343] [DEBUG] [process]  - StreamToLine: EOF (stream closed)
[2020/06/07-15:26:44.792] [KNL-python-single-command-kernel-out-2342] [DEBUG] [process]  - StreamToLine: EOF (stream closed)
[2020/06/07-15:26:44.811] [KNL-python-single-command-kernel-monitor-2341] [INFO] [dku.kernels]  - Process done with code 143
[2020/06/07-15:26:44.813] [FT-TrainWorkThread-w6bWi17U-2329] [INFO] [dku.analysis.ml.python] T-yhJ40vo3 - Processing thread joined ...
[2020/06/07-15:26:44.814] [FT-TrainWorkThread-w6bWi17U-2329] [INFO] [dku.analysis.ml.python] T-yhJ40vo3 - Joining processing thread ...
[2020/06/07-15:26:44.815] [FT-TrainWorkThread-w6bWi17U-2329] [INFO] [dku.analysis.ml.python] T-yhJ40vo3 - Processing thread joined ...
[2020/06/07-15:26:44.818] [FT-TrainWorkThread-w6bWi17U-2329] [INFO] [dku.analysis.prediction] T-yhJ40vo3 - Train done
[2020/06/07-15:26:44.820] [FT-TrainWorkThread-w6bWi17U-2329] [INFO] [dku.analysis.prediction] T-yhJ40vo3 - Train done
[2020/06/07-15:26:44.833] [FT-TrainWorkThread-w6bWi17U-2329] [INFO] [dku.analysis.prediction] T-yhJ40vo3 - Publishing mltask-train-done reflected event
